The target system is: iOS - 16.4 - aarch64
The host system is: Darwin - 22.6.0 - arm64
Compiling the CXX compiler identification source file "CMakeCXXCompilerId.cpp" succeeded.
Compiler: /Applications/Xcode.app/Contents/Developer/Toolchains/XcodeDefault.xctoolchain/usr/bin/clang++ 
Build flags: 
Id flags: -c;--target=arm64-apple-ios11.0 

The output was:
0
2023-08-17 21:09:56.679 xcodebuild[55631:3403266] DVTCoreDeviceEnabledState: DVTCoreDeviceEnabledState_Disabled set via user default (DVTEnableCoreDevice=disabled)
Command line invocation:
    /Applications/Xcode.app/Contents/Developer/usr/bin/xcodebuild

User defaults from command line:
    IDEPackageSupportUseBuiltinSCM = YES

Computing target dependency graph and provisioning inputs

Create build description
Build description signature: 06b0c37dcc80f2879a4cba8cec840b0c
Build description path: /Users/joakimwennergren/Desktop/Symbios/iOS/CMakeFiles/3.25.2/CompilerIdCXX/./XCBuildData/06b0c37dcc80f2879a4cba8cec840b0c.xcbuilddata

warning: Building targets in manual order is deprecated - check "Parallelize build for command-line builds" in the project editor, or set DISABLE_MANUAL_TARGET_ORDER_BUILD_WARNING in any of the targets in the current build to suppress this warning
CreateBuildDirectory /Users/joakimwennergren/Desktop/Symbios/iOS/CMakeFiles/3.25.2/CompilerIdCXX
    cd /Users/joakimwennergren/Desktop/Symbios/iOS/CMakeFiles/3.25.2/CompilerIdCXX/CompilerIdCXX.xcodeproj
    builtin-create-build-directory /Users/joakimwennergren/Desktop/Symbios/iOS/CMakeFiles/3.25.2/CompilerIdCXX

CreateBuildDirectory /Users/joakimwennergren/Desktop/Symbios/iOS/CMakeFiles/3.25.2/CompilerIdCXX/EagerLinkingTBDs/Debug-iphoneos
    cd /Users/joakimwennergren/Desktop/Symbios/iOS/CMakeFiles/3.25.2/CompilerIdCXX/CompilerIdCXX.xcodeproj
    builtin-create-build-directory /Users/joakimwennergren/Desktop/Symbios/iOS/CMakeFiles/3.25.2/CompilerIdCXX/EagerLinkingTBDs/Debug-iphoneos

ClangStatCache /Applications/Xcode.app/Contents/Developer/Toolchains/XcodeDefault.xctoolchain/usr/bin/clang-stat-cache /Applications/Xcode.app/Contents/Developer/Platforms/iPhoneOS.platform/Developer/SDKs/iPhoneOS16.4.sdk /var/folders/c3/013phh914vz9ysrxymf72ymc0000gn/C/com.apple.DeveloperTools/14.3.1-14E300c/Xcode/SDKStatCaches.noindex/iphoneos16.4-20E238-.sdkstatcache
    cd /Users/joakimwennergren/Desktop/Symbios/iOS/CMakeFiles/3.25.2/CompilerIdCXX/CompilerIdCXX.xcodeproj
    /Applications/Xcode.app/Contents/Developer/Toolchains/XcodeDefault.xctoolchain/usr/bin/clang-stat-cache /Applications/Xcode.app/Contents/Developer/Platforms/iPhoneOS.platform/Developer/SDKs/iPhoneOS16.4.sdk -o /var/folders/c3/013phh914vz9ysrxymf72ymc0000gn/C/com.apple.DeveloperTools/14.3.1-14E300c/Xcode/SDKStatCaches.noindex/iphoneos16.4-20E238-.sdkstatcache

MkDir /Users/joakimwennergren/Desktop/Symbios/iOS/CMakeFiles/3.25.2/CompilerIdCXX/CompilerIdCXX.xctest (in target 'CompilerIdCXX' from project 'CompilerIdCXX')
    cd /Users/joakimwennergren/Desktop/Symbios/iOS/CMakeFiles/3.25.2/CompilerIdCXX
    /bin/mkdir -p /Users/joakimwennergren/Desktop/Symbios/iOS/CMakeFiles/3.25.2/CompilerIdCXX/CompilerIdCXX.xctest

WriteAuxiliaryFile /Users/joakimwennergren/Desktop/Symbios/iOS/CMakeFiles/3.25.2/CompilerIdCXX/CompilerIdCXX.build/Debug-iphoneos/CompilerIdCXX.build/all-product-headers.yaml (in target 'CompilerIdCXX' from project 'CompilerIdCXX')
    cd /Users/joakimwennergren/Desktop/Symbios/iOS/CMakeFiles/3.25.2/CompilerIdCXX
    write-file /Users/joakimwennergren/Desktop/Symbios/iOS/CMakeFiles/3.25.2/CompilerIdCXX/CompilerIdCXX.build/Debug-iphoneos/CompilerIdCXX.build/all-product-headers.yaml

WriteAuxiliaryFile /Users/joakimwennergren/Desktop/Symbios/iOS/CMakeFiles/3.25.2/CompilerIdCXX/CompilerIdCXX.build/Debug-iphoneos/CompilerIdCXX.build/CompilerIdCXX-all-target-headers.hmap (in target 'CompilerIdCXX' from project 'CompilerIdCXX')
    cd /Users/joakimwennergren/Desktop/Symbios/iOS/CMakeFiles/3.25.2/CompilerIdCXX
    write-file /Users/joakimwennergren/Desktop/Symbios/iOS/CMakeFiles/3.25.2/CompilerIdCXX/CompilerIdCXX.build/Debug-iphoneos/CompilerIdCXX.build/CompilerIdCXX-all-target-headers.hmap

WriteAuxiliaryFile /Users/joakimwennergren/Desktop/Symbios/iOS/CMakeFiles/3.25.2/CompilerIdCXX/CompilerIdCXX.build/Debug-iphoneos/CompilerIdCXX.build/CompilerIdCXX-own-target-headers.hmap (in target 'CompilerIdCXX' from project 'CompilerIdCXX')
    cd /Users/joakimwennergren/Desktop/Symbios/iOS/CMakeFiles/3.25.2/CompilerIdCXX
    write-file /Users/joakimwennergren/Desktop/Symbios/iOS/CMakeFiles/3.25.2/CompilerIdCXX/CompilerIdCXX.build/Debug-iphoneos/CompilerIdCXX.build/CompilerIdCXX-own-target-headers.hmap

WriteAuxiliaryFile /Users/joakimwennergren/Desktop/Symbios/iOS/CMakeFiles/3.25.2/CompilerIdCXX/CompilerIdCXX.build/Debug-iphoneos/CompilerIdCXX.build/CompilerIdCXX-generated-files.hmap (in target 'CompilerIdCXX' from project 'CompilerIdCXX')
    cd /Users/joakimwennergren/Desktop/Symbios/iOS/CMakeFiles/3.25.2/CompilerIdCXX
    write-file /Users/joakimwennergren/Desktop/Symbios/iOS/CMakeFiles/3.25.2/CompilerIdCXX/CompilerIdCXX.build/Debug-iphoneos/CompilerIdCXX.build/CompilerIdCXX-generated-files.hmap

WriteAuxiliaryFile /Users/joakimwennergren/Desktop/Symbios/iOS/CMakeFiles/3.25.2/CompilerIdCXX/CompilerIdCXX.build/Debug-iphoneos/CompilerIdCXX.build/CompilerIdCXX-all-non-framework-target-headers.hmap (in target 'CompilerIdCXX' from project 'CompilerIdCXX')
    cd /Users/joakimwennergren/Desktop/Symbios/iOS/CMakeFiles/3.25.2/CompilerIdCXX
    write-file /Users/joakimwennergren/Desktop/Symbios/iOS/CMakeFiles/3.25.2/CompilerIdCXX/CompilerIdCXX.build/Debug-iphoneos/CompilerIdCXX.build/CompilerIdCXX-all-non-framework-target-headers.hmap

WriteAuxiliaryFile /Users/joakimwennergren/Desktop/Symbios/iOS/CMakeFiles/3.25.2/CompilerIdCXX/CompilerIdCXX.build/Debug-iphoneos/CompilerIdCXX.build/CompilerIdCXX.hmap (in target 'CompilerIdCXX' from project 'CompilerIdCXX')
    cd /Users/joakimwennergren/Desktop/Symbios/iOS/CMakeFiles/3.25.2/CompilerIdCXX
    write-file /Users/joakimwennergren/Desktop/Symbios/iOS/CMakeFiles/3.25.2/CompilerIdCXX/CompilerIdCXX.build/Debug-iphoneos/CompilerIdCXX.build/CompilerIdCXX.hmap

WriteAuxiliaryFile /Users/joakimwennergren/Desktop/Symbios/iOS/CMakeFiles/3.25.2/CompilerIdCXX/CompilerIdCXX.build/Debug-iphoneos/CompilerIdCXX.build/CompilerIdCXX-project-headers.hmap (in target 'CompilerIdCXX' from project 'CompilerIdCXX')
    cd /Users/joakimwennergren/Desktop/Symbios/iOS/CMakeFiles/3.25.2/CompilerIdCXX
    write-file /Users/joakimwennergren/Desktop/Symbios/iOS/CMakeFiles/3.25.2/CompilerIdCXX/CompilerIdCXX.build/Debug-iphoneos/CompilerIdCXX.build/CompilerIdCXX-project-headers.hmap

WriteAuxiliaryFile /Users/joakimwennergren/Desktop/Symbios/iOS/CMakeFiles/3.25.2/CompilerIdCXX/CompilerIdCXX.build/Debug-iphoneos/CompilerIdCXX.build/empty-CompilerIdCXX.plist (in target 'CompilerIdCXX' from project 'CompilerIdCXX')
    cd /Users/joakimwennergren/Desktop/Symbios/iOS/CMakeFiles/3.25.2/CompilerIdCXX
    write-file /Users/joakimwennergren/Desktop/Symbios/iOS/CMakeFiles/3.25.2/CompilerIdCXX/CompilerIdCXX.build/Debug-iphoneos/CompilerIdCXX.build/empty-CompilerIdCXX.plist

WriteAuxiliaryFile /Users/joakimwennergren/Desktop/Symbios/iOS/CMakeFiles/3.25.2/CompilerIdCXX/CompilerIdCXX.build/Debug-iphoneos/CompilerIdCXX.build/Objects-normal/arm64/CompilerIdCXX.LinkFileList (in target 'CompilerIdCXX' from project 'CompilerIdCXX')
    cd /Users/joakimwennergren/Desktop/Symbios/iOS/CMakeFiles/3.25.2/CompilerIdCXX
    write-file /Users/joakimwennergren/Desktop/Symbios/iOS/CMakeFiles/3.25.2/CompilerIdCXX/CompilerIdCXX.build/Debug-iphoneos/CompilerIdCXX.build/Objects-normal/arm64/CompilerIdCXX.LinkFileList

ProcessInfoPlistFile /Users/joakimwennergren/Desktop/Symbios/iOS/CMakeFiles/3.25.2/CompilerIdCXX/CompilerIdCXX.xctest/Info.plist /Users/joakimwennergren/Desktop/Symbios/iOS/CMakeFiles/3.25.2/CompilerIdCXX/CompilerIdCXX.build/Debug-iphoneos/CompilerIdCXX.build/empty-CompilerIdCXX.plist (in target 'CompilerIdCXX' from project 'CompilerIdCXX')
    cd /Users/joakimwennergren/Desktop/Symbios/iOS/CMakeFiles/3.25.2/CompilerIdCXX
    builtin-infoPlistUtility /Users/joakimwennergren/Desktop/Symbios/iOS/CMakeFiles/3.25.2/CompilerIdCXX/CompilerIdCXX.build/Debug-iphoneos/CompilerIdCXX.build/empty-CompilerIdCXX.plist -producttype com.apple.product-type.bundle.unit-test -expandbuildsettings -format binary -platform iphoneos -requiredArchitecture arm64 -o /Users/joakimwennergren/Desktop/Symbios/iOS/CMakeFiles/3.25.2/CompilerIdCXX/CompilerIdCXX.xctest/Info.plist

CompileC /Users/joakimwennergren/Desktop/Symbios/iOS/CMakeFiles/3.25.2/CompilerIdCXX/CompilerIdCXX.build/Debug-iphoneos/CompilerIdCXX.build/Objects-normal/arm64/CMakeCXXCompilerId.o /Users/joakimwennergren/Desktop/Symbios/iOS/CMakeFiles/3.25.2/CompilerIdCXX/CMakeCXXCompilerId.cpp normal arm64 c++ com.apple.compilers.llvm.clang.1_0.compiler (in target 'CompilerIdCXX' from project 'CompilerIdCXX')
    cd /Users/joakimwennergren/Desktop/Symbios/iOS/CMakeFiles/3.25.2/CompilerIdCXX
    /Applications/Xcode.app/Contents/Developer/Toolchains/XcodeDefault.xctoolchain/usr/bin/clang -x c++ -ivfsstatcache /var/folders/c3/013phh914vz9ysrxymf72ymc0000gn/C/com.apple.DeveloperTools/14.3.1-14E300c/Xcode/SDKStatCaches.noindex/iphoneos16.4-20E238-.sdkstatcache -target arm64-apple-ios16.4 -fmessage-length\=0 -fdiagnostics-show-note-include-stack -fmacro-backtrace-limit\=0 -Wno-trigraphs -fpascal-strings -Os -Wno-missing-field-initializers -Wno-missing-prototypes -Wno-return-type -Wno-non-virtual-dtor -Wno-overloaded-virtual -Wno-exit-time-destructors -Wno-missing-braces -Wparentheses -Wswitch -Wno-unused-function -Wno-unused-label -Wno-unused-parameter -Wno-unused-variable -Wunused-value -Wno-empty-body -Wno-uninitialized -Wno-unknown-pragmas -Wno-shadow -Wno-four-char-constants -Wno-conversion -Wno-constant-conversion -Wno-int-conversion -Wno-bool-conversion -Wno-enum-conversion -Wno-float-conversion -Wno-non-literal-null-conversion -Wno-objc-literal-conversion -Wshorten-64-to-32 -Wno-newline-eof -Wno-c++11-extensions -Wno-implicit-fallthrough -isysroot /Applications/Xcode.app/Contents/Developer/Platforms/iPhoneOS.platform/Developer/SDKs/iPhoneOS16.4.sdk -fstrict-aliasing -Wdeprecated-declarations -Winvalid-offsetof -g -fvisibility-inlines-hidden -Wno-sign-conversion -Wno-infinite-recursion -Wno-move -Wno-comma -Wno-block-capture-autoreleasing -Wno-strict-prototypes -Wno-range-loop-analysis -Wno-semicolon-before-method-body -iquote /Users/joakimwennergren/Desktop/Symbios/iOS/CMakeFiles/3.25.2/CompilerIdCXX/CompilerIdCXX.build/Debug-iphoneos/CompilerIdCXX.build/CompilerIdCXX-generated-files.hmap -I/Users/joakimwennergren/Desktop/Symbios/iOS/CMakeFiles/3.25.2/CompilerIdCXX/CompilerIdCXX.build/Debug-iphoneos/CompilerIdCXX.build/CompilerIdCXX-own-target-headers.hmap -I/Users/joakimwennergren/Desktop/Symbios/iOS/CMakeFiles/3.25.2/CompilerIdCXX/CompilerIdCXX.build/Debug-iphoneos/CompilerIdCXX.build/CompilerIdCXX-all-target-headers.hmap -iquote /Users/joakimwennergren/Desktop/Symbios/iOS/CMakeFiles/3.25.2/CompilerIdCXX/CompilerIdCXX.build/Debug-iphoneos/CompilerIdCXX.build/CompilerIdCXX-project-headers.hmap -I/Users/joakimwennergren/Desktop/Symbios/iOS/CMakeFiles/3.25.2/CompilerIdCXX/include -I/Users/joakimwennergren/Desktop/Symbios/iOS/CMakeFiles/3.25.2/CompilerIdCXX/CompilerIdCXX.build/Debug-iphoneos/CompilerIdCXX.build/DerivedSources-normal/arm64 -I/Users/joakimwennergren/Desktop/Symbios/iOS/CMakeFiles/3.25.2/CompilerIdCXX/CompilerIdCXX.build/Debug-iphoneos/CompilerIdCXX.build/DerivedSources/arm64 -I/Users/joakimwennergren/Desktop/Symbios/iOS/CMakeFiles/3.25.2/CompilerIdCXX/CompilerIdCXX.build/Debug-iphoneos/CompilerIdCXX.build/DerivedSources -F/Users/joakimwennergren/Desktop/Symbios/iOS/CMakeFiles/3.25.2/CompilerIdCXX -iframework /Applications/Xcode.app/Contents/Developer/Platforms/iPhoneOS.platform/Developer/Library/Frameworks -iframework /Applications/Xcode.app/Contents/Developer/Platforms/iPhoneOS.platform/Developer/SDKs/iPhoneOS16.4.sdk/Developer/Library/Frameworks -MMD -MT dependencies -MF /Users/joakimwennergren/Desktop/Symbios/iOS/CMakeFiles/3.25.2/CompilerIdCXX/CompilerIdCXX.build/Debug-iphoneos/CompilerIdCXX.build/Objects-normal/arm64/CMakeCXXCompilerId.d --serialize-diagnostics /Users/joakimwennergren/Desktop/Symbios/iOS/CMakeFiles/3.25.2/CompilerIdCXX/CompilerIdCXX.build/Debug-iphoneos/CompilerIdCXX.build/Objects-normal/arm64/CMakeCXXCompilerId.dia -c /Users/joakimwennergren/Desktop/Symbios/iOS/CMakeFiles/3.25.2/CompilerIdCXX/CMakeCXXCompilerId.cpp -o /Users/joakimwennergren/Desktop/Symbios/iOS/CMakeFiles/3.25.2/CompilerIdCXX/CompilerIdCXX.build/Debug-iphoneos/CompilerIdCXX.build/Objects-normal/arm64/CMakeCXXCompilerId.o

Ld /Users/joakimwennergren/Desktop/Symbios/iOS/CMakeFiles/3.25.2/CompilerIdCXX/CompilerIdCXX.xctest/CompilerIdCXX normal (in target 'CompilerIdCXX' from project 'CompilerIdCXX')
    cd /Users/joakimwennergren/Desktop/Symbios/iOS/CMakeFiles/3.25.2/CompilerIdCXX
    /Applications/Xcode.app/Contents/Developer/Toolchains/XcodeDefault.xctoolchain/usr/bin/clang++ -Xlinker -reproducible -target arm64-apple-ios16.4 -bundle -isysroot /Applications/Xcode.app/Contents/Developer/Platforms/iPhoneOS.platform/Developer/SDKs/iPhoneOS16.4.sdk -L/Users/joakimwennergren/Desktop/Symbios/iOS/CMakeFiles/3.25.2/CompilerIdCXX/EagerLinkingTBDs/Debug-iphoneos -L/Users/joakimwennergren/Desktop/Symbios/iOS/CMakeFiles/3.25.2/CompilerIdCXX -L/Applications/Xcode.app/Contents/Developer/Platforms/iPhoneOS.platform/Developer/usr/lib -F/Users/joakimwennergren/Desktop/Symbios/iOS/CMakeFiles/3.25.2/CompilerIdCXX/EagerLinkingTBDs/Debug-iphoneos -F/Users/joakimwennergren/Desktop/Symbios/iOS/CMakeFiles/3.25.2/CompilerIdCXX -iframework /Applications/Xcode.app/Contents/Developer/Platforms/iPhoneOS.platform/Developer/Library/Frameworks -iframework /Applications/Xcode.app/Contents/Developer/Platforms/iPhoneOS.platform/Developer/SDKs/iPhoneOS16.4.sdk/Developer/Library/Frameworks -filelist /Users/joakimwennergren/Desktop/Symbios/iOS/CMakeFiles/3.25.2/CompilerIdCXX/CompilerIdCXX.build/Debug-iphoneos/CompilerIdCXX.build/Objects-normal/arm64/CompilerIdCXX.LinkFileList -Xlinker -rpath -Xlinker @loader_path/Frameworks -dead_strip -Xlinker -object_path_lto -Xlinker /Users/joakimwennergren/Desktop/Symbios/iOS/CMakeFiles/3.25.2/CompilerIdCXX/CompilerIdCXX.build/Debug-iphoneos/CompilerIdCXX.build/Objects-normal/arm64/CompilerIdCXX_lto.o -framework XCTest -Xlinker -dependency_info -Xlinker /Users/joakimwennergren/Desktop/Symbios/iOS/CMakeFiles/3.25.2/CompilerIdCXX/CompilerIdCXX.build/Debug-iphoneos/CompilerIdCXX.build/Objects-normal/arm64/CompilerIdCXX_dependency_info.dat -o /Users/joakimwennergren/Desktop/Symbios/iOS/CMakeFiles/3.25.2/CompilerIdCXX/CompilerIdCXX.xctest/CompilerIdCXX

WriteAuxiliaryFile /Users/joakimwennergren/Desktop/Symbios/iOS/CMakeFiles/3.25.2/CompilerIdCXX/CompilerIdCXX.build/Debug-iphoneos/CompilerIdCXX.build/Script-2C8FEB8E15DC1A1A00E56A5D.sh (in target 'CompilerIdCXX' from project 'CompilerIdCXX')
    cd /Users/joakimwennergren/Desktop/Symbios/iOS/CMakeFiles/3.25.2/CompilerIdCXX
    write-file /Users/joakimwennergren/Desktop/Symbios/iOS/CMakeFiles/3.25.2/CompilerIdCXX/CompilerIdCXX.build/Debug-iphoneos/CompilerIdCXX.build/Script-2C8FEB8E15DC1A1A00E56A5D.sh

GenerateDSYMFile /Users/joakimwennergren/Desktop/Symbios/iOS/CMakeFiles/3.25.2/CompilerIdCXX/CompilerIdCXX.xctest.dSYM /Users/joakimwennergren/Desktop/Symbios/iOS/CMakeFiles/3.25.2/CompilerIdCXX/CompilerIdCXX.xctest/CompilerIdCXX (in target 'CompilerIdCXX' from project 'CompilerIdCXX')
    cd /Users/joakimwennergren/Desktop/Symbios/iOS/CMakeFiles/3.25.2/CompilerIdCXX
    /Applications/Xcode.app/Contents/Developer/Toolchains/XcodeDefault.xctoolchain/usr/bin/dsymutil /Users/joakimwennergren/Desktop/Symbios/iOS/CMakeFiles/3.25.2/CompilerIdCXX/CompilerIdCXX.xctest/CompilerIdCXX -o /Users/joakimwennergren/Desktop/Symbios/iOS/CMakeFiles/3.25.2/CompilerIdCXX/CompilerIdCXX.xctest.dSYM

PhaseScriptExecution Run\ Script /Users/joakimwennergren/Desktop/Symbios/iOS/CMakeFiles/3.25.2/CompilerIdCXX/CompilerIdCXX.build/Debug-iphoneos/CompilerIdCXX.build/Script-2C8FEB8E15DC1A1A00E56A5D.sh (in target 'CompilerIdCXX' from project 'CompilerIdCXX')
    cd /Users/joakimwennergren/Desktop/Symbios/iOS/CMakeFiles/3.25.2/CompilerIdCXX
    /bin/sh -c /Users/joakimwennergren/Desktop/Symbios/iOS/CMakeFiles/3.25.2/CompilerIdCXX/CompilerIdCXX.build/Debug-iphoneos/CompilerIdCXX.build/Script-2C8FEB8E15DC1A1A00E56A5D.sh
GCC_VERSION=com.apple.compilers.llvm.clang.1_0
ARCHS=arm64

RegisterExecutionPolicyException /Users/joakimwennergren/Desktop/Symbios/iOS/CMakeFiles/3.25.2/CompilerIdCXX/CompilerIdCXX.xctest (in target 'CompilerIdCXX' from project 'CompilerIdCXX')
    cd /Users/joakimwennergren/Desktop/Symbios/iOS/CMakeFiles/3.25.2/CompilerIdCXX
    builtin-RegisterExecutionPolicyException /Users/joakimwennergren/Desktop/Symbios/iOS/CMakeFiles/3.25.2/CompilerIdCXX/CompilerIdCXX.xctest

Touch /Users/joakimwennergren/Desktop/Symbios/iOS/CMakeFiles/3.25.2/CompilerIdCXX/CompilerIdCXX.xctest (in target 'CompilerIdCXX' from project 'CompilerIdCXX')
    cd /Users/joakimwennergren/Desktop/Symbios/iOS/CMakeFiles/3.25.2/CompilerIdCXX
    /usr/bin/touch -c /Users/joakimwennergren/Desktop/Symbios/iOS/CMakeFiles/3.25.2/CompilerIdCXX/CompilerIdCXX.xctest

warning: Traditional headermap style is no longer supported; please migrate to using separate headermaps and set 'ALWAYS_SEARCH_USER_PATHS' to NO. (in target 'CompilerIdCXX' from project 'CompilerIdCXX')
note: Run script build phase 'Run Script' will be run during every build because the option to run the script phase "Based on dependency analysis" is unchecked. (in target 'CompilerIdCXX' from project 'CompilerIdCXX')
** BUILD SUCCEEDED **



Compilation of the CXX compiler identification source "CMakeCXXCompilerId.cpp" produced "CompilerIdCXX.xctest/CompilerIdCXX"

Compilation of the CXX compiler identification source "CMakeCXXCompilerId.cpp" produced "CompilerIdCXX.xctest/Info.plist"

The CXX compiler identification is AppleClang, found in "/Users/joakimwennergren/Desktop/Symbios/iOS/CMakeFiles/3.25.2/CompilerIdCXX/CompilerIdCXX.xctest/CompilerIdCXX"

Detecting CXX compiler ABI info compiled with the following output:
Change Dir: /Users/joakimwennergren/Desktop/Symbios/iOS/CMakeFiles/CMakeScratch/TryCompile-P1bxft

Run Build Command(s):/usr/bin/xcodebuild -project CMAKE_TRY_COMPILE.xcodeproj build -target cmTC_f8782 -parallelizeTargets -configuration Debug -hideShellScriptEnvironment && 2023-08-17 21:09:58.987 xcodebuild[55662:3403491] DVTCoreDeviceEnabledState: DVTCoreDeviceEnabledState_Disabled set via user default (DVTEnableCoreDevice=disabled)
Command line invocation:
    /Applications/Xcode.app/Contents/Developer/usr/bin/xcodebuild -project CMAKE_TRY_COMPILE.xcodeproj build -target cmTC_f8782 -parallelizeTargets -configuration Debug -hideShellScriptEnvironment

User defaults from command line:
    HideShellScriptEnvironment = YES
    IDEPackageSupportUseBuiltinSCM = YES

Computing target dependency graph and provisioning inputs

Create build description
Build description signature: 0255f253bf117b48124e3da22247dd10
Build description path: /Users/joakimwennergren/Desktop/Symbios/iOS/CMakeFiles/CMakeScratch/TryCompile-P1bxft/build/XCBuildData/0255f253bf117b48124e3da22247dd10.xcbuilddata

note: Building targets in dependency order
CreateBuildDirectory /Users/joakimwennergren/Desktop/Symbios/iOS/CMakeFiles/CMakeScratch/TryCompile-P1bxft/Debug
    cd /Users/joakimwennergren/Desktop/Symbios/iOS/CMakeFiles/CMakeScratch/TryCompile-P1bxft/CMAKE_TRY_COMPILE.xcodeproj
    builtin-create-build-directory /Users/joakimwennergren/Desktop/Symbios/iOS/CMakeFiles/CMakeScratch/TryCompile-P1bxft/Debug

CreateBuildDirectory /Users/joakimwennergren/Desktop/Symbios/iOS/CMakeFiles/CMakeScratch/TryCompile-P1bxft/build
    cd /Users/joakimwennergren/Desktop/Symbios/iOS/CMakeFiles/CMakeScratch/TryCompile-P1bxft/CMAKE_TRY_COMPILE.xcodeproj
    builtin-create-build-directory /Users/joakimwennergren/Desktop/Symbios/iOS/CMakeFiles/CMakeScratch/TryCompile-P1bxft/build

ClangStatCache /Applications/Xcode.app/Contents/Developer/Toolchains/XcodeDefault.xctoolchain/usr/bin/clang-stat-cache /Applications/Xcode.app/Contents/Developer/Platforms/iPhoneOS.platform/Developer/SDKs/iPhoneOS16.4.sdk /var/folders/c3/013phh914vz9ysrxymf72ymc0000gn/C/com.apple.DeveloperTools/14.3.1-14E300c/Xcode/SDKStatCaches.noindex/iphoneos16.4-20E238-.sdkstatcache
    cd /Users/joakimwennergren/Desktop/Symbios/iOS/CMakeFiles/CMakeScratch/TryCompile-P1bxft/CMAKE_TRY_COMPILE.xcodeproj
    /Applications/Xcode.app/Contents/Developer/Toolchains/XcodeDefault.xctoolchain/usr/bin/clang-stat-cache /Applications/Xcode.app/Contents/Developer/Platforms/iPhoneOS.platform/Developer/SDKs/iPhoneOS16.4.sdk -o /var/folders/c3/013phh914vz9ysrxymf72ymc0000gn/C/com.apple.DeveloperTools/14.3.1-14E300c/Xcode/SDKStatCaches.noindex/iphoneos16.4-20E238-.sdkstatcache

CreateBuildDirectory /Users/joakimwennergren/Desktop/Symbios/iOS/CMakeFiles/CMakeScratch/TryCompile-P1bxft/build/EagerLinkingTBDs/Debug-iphoneos
    cd /Users/joakimwennergren/Desktop/Symbios/iOS/CMakeFiles/CMakeScratch/TryCompile-P1bxft/CMAKE_TRY_COMPILE.xcodeproj
    builtin-create-build-directory /Users/joakimwennergren/Desktop/Symbios/iOS/CMakeFiles/CMakeScratch/TryCompile-P1bxft/build/EagerLinkingTBDs/Debug-iphoneos

WriteAuxiliaryFile /Users/joakimwennergren/Desktop/Symbios/iOS/CMakeFiles/CMakeScratch/TryCompile-P1bxft/build/cmTC_f8782.build/Debug-iphoneos/Objects-normal/arm64/cmTC_f8782.LinkFileList (in target 'cmTC_f8782' from project 'CMAKE_TRY_COMPILE')
    cd /Users/joakimwennergren/Desktop/Symbios/iOS/CMakeFiles/CMakeScratch/TryCompile-P1bxft
    write-file /Users/joakimwennergren/Desktop/Symbios/iOS/CMakeFiles/CMakeScratch/TryCompile-P1bxft/build/cmTC_f8782.build/Debug-iphoneos/Objects-normal/arm64/cmTC_f8782.LinkFileList

CompileC /Users/joakimwennergren/Desktop/Symbios/iOS/CMakeFiles/CMakeScratch/TryCompile-P1bxft/build/cmTC_f8782.build/Debug-iphoneos/Objects-normal/arm64/CMakeCXXCompilerABI.o /opt/homebrew/Cellar/cmake/3.25.2/share/cmake/Modules/CMakeCXXCompilerABI.cpp normal arm64 c++ com.apple.compilers.llvm.clang.1_0.compiler (in target 'cmTC_f8782' from project 'CMAKE_TRY_COMPILE')
    cd /Users/joakimwennergren/Desktop/Symbios/iOS/CMakeFiles/CMakeScratch/TryCompile-P1bxft
    /Applications/Xcode.app/Contents/Developer/Toolchains/XcodeDefault.xctoolchain/usr/bin/clang -x c++ -ivfsstatcache /var/folders/c3/013phh914vz9ysrxymf72ymc0000gn/C/com.apple.DeveloperTools/14.3.1-14E300c/Xcode/SDKStatCaches.noindex/iphoneos16.4-20E238-.sdkstatcache -target arm64-apple-ios11.0 -fmessage-length\=0 -fdiagnostics-show-note-include-stack -fmacro-backtrace-limit\=0 -Wno-trigraphs -fpascal-strings -O0 -Wno-missing-field-initializers -Wno-missing-prototypes -Wno-return-type -Wno-non-virtual-dtor -Wno-overloaded-virtual -Wno-exit-time-destructors -Wno-missing-braces -Wparentheses -Wswitch -Wno-unused-function -Wno-unused-label -Wno-unused-parameter -Wno-unused-variable -Wunused-value -Wno-empty-body -Wno-uninitialized -Wno-unknown-pragmas -Wno-shadow -Wno-four-char-constants -Wno-conversion -Wno-constant-conversion -Wno-int-conversion -Wno-bool-conversion -Wno-enum-conversion -Wno-float-conversion -Wno-non-literal-null-conversion -Wno-objc-literal-conversion -Wshorten-64-to-32 -Wno-newline-eof -Wno-c++11-extensions -Wno-implicit-fallthrough -DCMAKE_INTDIR\=\"Debug-iphoneos\" -isysroot /Applications/Xcode.app/Contents/Developer/Platforms/iPhoneOS.platform/Developer/SDKs/iPhoneOS16.4.sdk -fstrict-aliasing -Wdeprecated-declarations -Winvalid-offsetof -g -Wno-sign-conversion -Wno-infinite-recursion -Wno-move -Wno-comma -Wno-block-capture-autoreleasing -Wno-strict-prototypes -Wno-range-loop-analysis -Wno-semicolon-before-method-body -I/Users/joakimwennergren/Desktop/Symbios/iOS/CMakeFiles/CMakeScratch/TryCompile-P1bxft/Debug/include -I/Users/joakimwennergren/Desktop/Symbios/iOS/CMakeFiles/CMakeScratch/TryCompile-P1bxft/build/cmTC_f8782.build/Debug-iphoneos/DerivedSources-normal/arm64 -I/Users/joakimwennergren/Desktop/Symbios/iOS/CMakeFiles/CMakeScratch/TryCompile-P1bxft/build/cmTC_f8782.build/Debug-iphoneos/DerivedSources/arm64 -I/Users/joakimwennergren/Desktop/Symbios/iOS/CMakeFiles/CMakeScratch/TryCompile-P1bxft/build/cmTC_f8782.build/Debug-iphoneos/DerivedSources -F/Users/joakimwennergren/Desktop/Symbios/iOS/CMakeFiles/CMakeScratch/TryCompile-P1bxft/Debug -v -Wl,-v -MMD -MT dependencies -MF /Users/joakimwennergren/Desktop/Symbios/iOS/CMakeFiles/CMakeScratch/TryCompile-P1bxft/build/cmTC_f8782.build/Debug-iphoneos/Objects-normal/arm64/CMakeCXXCompilerABI.d --serialize-diagnostics /Users/joakimwennergren/Desktop/Symbios/iOS/CMakeFiles/CMakeScratch/TryCompile-P1bxft/build/cmTC_f8782.build/Debug-iphoneos/Objects-normal/arm64/CMakeCXXCompilerABI.dia -c /opt/homebrew/Cellar/cmake/3.25.2/share/cmake/Modules/CMakeCXXCompilerABI.cpp -o /Users/joakimwennergren/Desktop/Symbios/iOS/CMakeFiles/CMakeScratch/TryCompile-P1bxft/build/cmTC_f8782.build/Debug-iphoneos/Objects-normal/arm64/CMakeCXXCompilerABI.o
Apple clang version 14.0.3 (clang-1403.0.22.14.1)
Target: arm64-apple-ios11.0
Thread model: posix
InstalledDir: /Applications/Xcode.app/Contents/Developer/Toolchains/XcodeDefault.xctoolchain/usr/bin
clang: warning: -Wl,-v: 'linker' input unused [-Wunused-command-line-argument]
 "/Applications/Xcode.app/Contents/Developer/Toolchains/XcodeDefault.xctoolchain/usr/bin/clang" -cc1 -triple arm64-apple-ios11.0.0 -Wundef-prefix=TARGET_OS_ -Wdeprecated-objc-isa-usage -Werror=deprecated-objc-isa-usage -Werror=implicit-function-declaration -emit-obj -mrelax-all --mrelax-relocations -disable-free -clear-ast-before-backend -disable-llvm-verifier -discard-value-names -main-file-name CMakeCXXCompilerABI.cpp -mrelocation-model pic -pic-level 2 -mframe-pointer=non-leaf -fno-strict-return -ffp-contract=on -fno-rounding-math -funwind-tables=1 -fobjc-msgsend-selector-stubs -target-sdk-version=16.4 -fvisibility-inlines-hidden-static-local-var -target-cpu apple-a7 -target-feature +v8a -target-feature +crypto -target-feature +fp-armv8 -target-feature +neon -target-feature +zcm -target-feature +zcz -target-feature +sha2 -target-feature +aes -target-abi darwinpcs -fallow-half-arguments-and-returns -mllvm -treat-scalable-fixed-error-as-warning -debug-info-kind=standalone -dwarf-version=4 -debugger-tuning=lldb -target-linker-version 857.1 -v -fcoverage-compilation-dir=/Users/joakimwennergren/Desktop/Symbios/iOS/CMakeFiles/CMakeScratch/TryCompile-P1bxft -resource-dir /Applications/Xcode.app/Contents/Developer/Toolchains/XcodeDefault.xctoolchain/usr/lib/clang/14.0.3 -dependency-file /Users/joakimwennergren/Desktop/Symbios/iOS/CMakeFiles/CMakeScratch/TryCompile-P1bxft/build/cmTC_f8782.build/Debug-iphoneos/Objects-normal/arm64/CMakeCXXCompilerABI.d -skip-unused-modulemap-deps -MT dependencies -ivfsstatcache /var/folders/c3/013phh914vz9ysrxymf72ymc0000gn/C/com.apple.DeveloperTools/14.3.1-14E300c/Xcode/SDKStatCaches.noindex/iphoneos16.4-20E238-.sdkstatcache -isysroot /Applications/Xcode.app/Contents/Developer/Platforms/iPhoneOS.platform/Developer/SDKs/iPhoneOS16.4.sdk -D "CMAKE_INTDIR=\"Debug-iphoneos\"" -I /Users/joakimwennergren/Desktop/Symbios/iOS/CMakeFiles/CMakeScratch/TryCompile-P1bxft/Debug/include -I /Users/joakimwennergren/Desktop/Symbios/iOS/CMakeFiles/CMakeScratch/TryCompile-P1bxft/build/cmTC_f8782.build/Debug-iphoneos/DerivedSources-normal/arm64 -I /Users/joakimwennergren/Desktop/Symbios/iOS/CMakeFiles/CMakeScratch/TryCompile-P1bxft/build/cmTC_f8782.build/Debug-iphoneos/DerivedSources/arm64 -I /Users/joakimwennergren/Desktop/Symbios/iOS/CMakeFiles/CMakeScratch/TryCompile-P1bxft/build/cmTC_f8782.build/Debug-iphoneos/DerivedSources -F/Users/joakimwennergren/Desktop/Symbios/iOS/CMakeFiles/CMakeScratch/TryCompile-P1bxft/Debug -stdlib=libc++ -internal-isystem /Applications/Xcode.app/Contents/Developer/Platforms/iPhoneOS.platform/Developer/SDKs/iPhoneOS16.4.sdk/usr/include/c++/v1 -internal-isystem /Applications/Xcode.app/Contents/Developer/Platforms/iPhoneOS.platform/Developer/SDKs/iPhoneOS16.4.sdk/usr/local/include -internal-isystem /Applications/Xcode.app/Contents/Developer/Toolchains/XcodeDefault.xctoolchain/usr/lib/clang/14.0.3/include -internal-externc-isystem /Applications/Xcode.app/Contents/Developer/Platforms/iPhoneOS.platform/Developer/SDKs/iPhoneOS16.4.sdk/usr/include -internal-externc-isystem /Applications/Xcode.app/Contents/Developer/Toolchains/XcodeDefault.xctoolchain/usr/include -O0 -Wno-trigraphs -Wno-missing-field-initializers -Wno-missing-prototypes -Wno-return-type -Wno-non-virtual-dtor -Wno-overloaded-virtual -Wno-exit-time-destructors -Wno-missing-braces -Wparentheses -Wswitch -Wno-unused-function -Wno-unused-label -Wno-unused-parameter -Wno-unused-variable -Wunused-value -Wno-empty-body -Wno-uninitialized -Wno-unknown-pragmas -Wno-shadow -Wno-four-char-constants -Wno-conversion -Wno-constant-conversion -Wno-int-conversion -Wno-bool-conversion -Wno-enum-conversion -Wno-float-conversion -Wno-non-literal-null-conversion -Wno-objc-literal-conversion -Wshorten-64-to-32 -Wno-newline-eof -Wno-c++11-extensions -Wno-implicit-fallthrough -Wdeprecated-declarations -Winvalid-offsetof -Wno-sign-conversion -Wno-infinite-recursion -Wno-move -Wno-comma -Wno-block-capture-autoreleasing -Wno-strict-prototypes -Wno-range-loop-analysis -Wno-semicolon-before-method-body -Wno-reorder-init-list -Wno-implicit-int-float-conversion -Wno-c99-designator -Wno-final-dtor-non-final-class -Wno-extra-semi-stmt -Wno-misleading-indentation -Wno-quoted-include-in-framework-header -Wno-implicit-fallthrough -Wno-enum-enum-conversion -Wno-enum-float-conversion -Wno-elaborated-enum-base -Wno-reserved-identifier -Wno-gnu-folding-constant -fdeprecated-macro -fdebug-compilation-dir=/Users/joakimwennergren/Desktop/Symbios/iOS/CMakeFiles/CMakeScratch/TryCompile-P1bxft -ferror-limit 19 -fmacro-backtrace-limit 0 -stack-protector 1 -mdarwin-stkchk-strong-link -fblocks -fencode-extended-block-signature -fregister-global-dtors-with-atexit -fgnuc-version=4.2.1 -fno-cxx-modules -no-opaque-pointers -fcxx-exceptions -fexceptions -fpascal-strings -fmax-type-align=16 -fcommon -fdiagnostics-show-note-include-stack -serialize-diagnostic-file /Users/joakimwennergren/Desktop/Symbios/iOS/CMakeFiles/CMakeScratch/TryCompile-P1bxft/build/cmTC_f8782.build/Debug-iphoneos/Objects-normal/arm64/CMakeCXXCompilerABI.dia -clang-vendor-feature=+disableNonDependentMemberExprInCurrentInstantiation -fno-odr-hash-protocols -clang-vendor-feature=+enableAggressiveVLAFolding -clang-vendor-feature=+revert09abecef7bbf -clang-vendor-feature=+thisNoAlignAttr -clang-vendor-feature=+thisNoNullAttr -mllvm -disable-aligned-alloc-awareness=1 -D__GCC_HAVE_DWARF2_CFI_ASM=1 -o /Users/joakimwennergren/Desktop/Symbios/iOS/CMakeFiles/CMakeScratch/TryCompile-P1bxft/build/cmTC_f8782.build/Debug-iphoneos/Objects-normal/arm64/CMakeCXXCompilerABI.o -x c++ /opt/homebrew/Cellar/cmake/3.25.2/share/cmake/Modules/CMakeCXXCompilerABI.cpp
clang -cc1 version 14.0.3 (clang-1403.0.22.14.1) default target arm64-apple-darwin22.6.0
ignoring nonexistent directory "/Users/joakimwennergren/Desktop/Symbios/iOS/CMakeFiles/CMakeScratch/TryCompile-P1bxft/Debug/include"
ignoring nonexistent directory "/Users/joakimwennergren/Desktop/Symbios/iOS/CMakeFiles/CMakeScratch/TryCompile-P1bxft/build/cmTC_f8782.build/Debug-iphoneos/DerivedSources-normal/arm64"
ignoring nonexistent directory "/Users/joakimwennergren/Desktop/Symbios/iOS/CMakeFiles/CMakeScratch/TryCompile-P1bxft/build/cmTC_f8782.build/Debug-iphoneos/DerivedSources/arm64"
ignoring nonexistent directory "/Users/joakimwennergren/Desktop/Symbios/iOS/CMakeFiles/CMakeScratch/TryCompile-P1bxft/build/cmTC_f8782.build/Debug-iphoneos/DerivedSources"
ignoring nonexistent directory "/Applications/Xcode.app/Contents/Developer/Platforms/iPhoneOS.platform/Developer/SDKs/iPhoneOS16.4.sdk/usr/local/include"
ignoring nonexistent directory "/Applications/Xcode.app/Contents/Developer/Platforms/iPhoneOS.platform/Developer/SDKs/iPhoneOS16.4.sdk/Library/Frameworks"
#include "..." search starts here:
#include <...> search starts here:
 /Users/joakimwennergren/Desktop/Symbios/iOS/CMakeFiles/CMakeScratch/TryCompile-P1bxft/Debug (framework directory)
 /Applications/Xcode.app/Contents/Developer/Platforms/iPhoneOS.platform/Developer/SDKs/iPhoneOS16.4.sdk/usr/include/c++/v1
 /Applications/Xcode.app/Contents/Developer/Toolchains/XcodeDefault.xctoolchain/usr/lib/clang/14.0.3/include
 /Applications/Xcode.app/Contents/Developer/Platforms/iPhoneOS.platform/Developer/SDKs/iPhoneOS16.4.sdk/usr/include
 /Applications/Xcode.app/Contents/Developer/Toolchains/XcodeDefault.xctoolchain/usr/include
 /Applications/Xcode.app/Contents/Developer/Platforms/iPhoneOS.platform/Developer/SDKs/iPhoneOS16.4.sdk/System/Library/Frameworks (framework directory)
End of search list.

Libtool /Users/joakimwennergren/Desktop/Symbios/iOS/CMakeFiles/CMakeScratch/TryCompile-P1bxft/Debug/libcmTC_f8782.a normal (in target 'cmTC_f8782' from project 'CMAKE_TRY_COMPILE')
    cd /Users/joakimwennergren/Desktop/Symbios/iOS/CMakeFiles/CMakeScratch/TryCompile-P1bxft
    /Applications/Xcode.app/Contents/Developer/Toolchains/XcodeDefault.xctoolchain/usr/bin/libtool -static -arch_only arm64 -D -syslibroot /Applications/Xcode.app/Contents/Developer/Platforms/iPhoneOS.platform/Developer/SDKs/iPhoneOS16.4.sdk -L/Users/joakimwennergren/Desktop/Symbios/iOS/CMakeFiles/CMakeScratch/TryCompile-P1bxft/Debug -filelist /Users/joakimwennergren/Desktop/Symbios/iOS/CMakeFiles/CMakeScratch/TryCompile-P1bxft/build/cmTC_f8782.build/Debug-iphoneos/Objects-normal/arm64/cmTC_f8782.LinkFileList -dependency_info /Users/joakimwennergren/Desktop/Symbios/iOS/CMakeFiles/CMakeScratch/TryCompile-P1bxft/build/cmTC_f8782.build/Debug-iphoneos/Objects-normal/arm64/cmTC_f8782_libtool_dependency_info.dat -o /Users/joakimwennergren/Desktop/Symbios/iOS/CMakeFiles/CMakeScratch/TryCompile-P1bxft/Debug/libcmTC_f8782.a

** BUILD SUCCEEDED **




Parsed CXX implicit include dir info from above output: rv=done
  found start of include info
  found start of implicit include info
    add: [/Applications/Xcode.app/Contents/Developer/Platforms/iPhoneOS.platform/Developer/SDKs/iPhoneOS16.4.sdk/usr/include/c++/v1]
    add: [/Applications/Xcode.app/Contents/Developer/Toolchains/XcodeDefault.xctoolchain/usr/lib/clang/14.0.3/include]
    add: [/Applications/Xcode.app/Contents/Developer/Platforms/iPhoneOS.platform/Developer/SDKs/iPhoneOS16.4.sdk/usr/include]
    add: [/Applications/Xcode.app/Contents/Developer/Toolchains/XcodeDefault.xctoolchain/usr/include]
  end of search list found
  collapse include dir [/Applications/Xcode.app/Contents/Developer/Platforms/iPhoneOS.platform/Developer/SDKs/iPhoneOS16.4.sdk/usr/include/c++/v1] ==> [/Applications/Xcode.app/Contents/Developer/Platforms/iPhoneOS.platform/Developer/SDKs/iPhoneOS16.4.sdk/usr/include/c++/v1]
  collapse include dir [/Applications/Xcode.app/Contents/Developer/Toolchains/XcodeDefault.xctoolchain/usr/lib/clang/14.0.3/include] ==> [/Applications/Xcode.app/Contents/Developer/Toolchains/XcodeDefault.xctoolchain/usr/lib/clang/14.0.3/include]
  collapse include dir [/Applications/Xcode.app/Contents/Developer/Platforms/iPhoneOS.platform/Developer/SDKs/iPhoneOS16.4.sdk/usr/include] ==> [/Applications/Xcode.app/Contents/Developer/Platforms/iPhoneOS.platform/Developer/SDKs/iPhoneOS16.4.sdk/usr/include]
  collapse include dir [/Applications/Xcode.app/Contents/Developer/Toolchains/XcodeDefault.xctoolchain/usr/include] ==> [/Applications/Xcode.app/Contents/Developer/Toolchains/XcodeDefault.xctoolchain/usr/include]
  implicit include dirs: [/Applications/Xcode.app/Contents/Developer/Platforms/iPhoneOS.platform/Developer/SDKs/iPhoneOS16.4.sdk/usr/include/c++/v1;/Applications/Xcode.app/Contents/Developer/Toolchains/XcodeDefault.xctoolchain/usr/lib/clang/14.0.3/include;/Applications/Xcode.app/Contents/Developer/Platforms/iPhoneOS.platform/Developer/SDKs/iPhoneOS16.4.sdk/usr/include;/Applications/Xcode.app/Contents/Developer/Toolchains/XcodeDefault.xctoolchain/usr/include]


Parsed CXX implicit link information from above output:
  link line regex: [^( *|.*[/\])(ld|CMAKE_LINK_STARTFILE-NOTFOUND|([^/\]+-)?ld|collect2)[^/\]*( |$)]
  ignore line: [Change Dir: /Users/joakimwennergren/Desktop/Symbios/iOS/CMakeFiles/CMakeScratch/TryCompile-P1bxft]
  ignore line: []
  ignore line: [Run Build Command(s):/usr/bin/xcodebuild -project CMAKE_TRY_COMPILE.xcodeproj build -target cmTC_f8782 -parallelizeTargets -configuration Debug -hideShellScriptEnvironment && 2023-08-17 21:09:58.987 xcodebuild[55662:3403491] DVTCoreDeviceEnabledState: DVTCoreDeviceEnabledState_Disabled set via user default (DVTEnableCoreDevice=disabled)]
  ignore line: [Command line invocation:]
  ignore line: [    /Applications/Xcode.app/Contents/Developer/usr/bin/xcodebuild -project CMAKE_TRY_COMPILE.xcodeproj build -target cmTC_f8782 -parallelizeTargets -configuration Debug -hideShellScriptEnvironment]
  ignore line: []
  ignore line: [User defaults from command line:]
  ignore line: [    HideShellScriptEnvironment = YES]
  ignore line: [    IDEPackageSupportUseBuiltinSCM = YES]
  ignore line: []
  ignore line: [Computing target dependency graph and provisioning inputs]
  ignore line: []
  ignore line: [Create build description]
  ignore line: [Build description signature: 0255f253bf117b48124e3da22247dd10]
  ignore line: [Build description path: /Users/joakimwennergren/Desktop/Symbios/iOS/CMakeFiles/CMakeScratch/TryCompile-P1bxft/build/XCBuildData/0255f253bf117b48124e3da22247dd10.xcbuilddata]
  ignore line: []
  ignore line: [note: Building targets in dependency order]
  ignore line: [CreateBuildDirectory /Users/joakimwennergren/Desktop/Symbios/iOS/CMakeFiles/CMakeScratch/TryCompile-P1bxft/Debug]
  ignore line: [    cd /Users/joakimwennergren/Desktop/Symbios/iOS/CMakeFiles/CMakeScratch/TryCompile-P1bxft/CMAKE_TRY_COMPILE.xcodeproj]
  ignore line: [    builtin-create-build-directory /Users/joakimwennergren/Desktop/Symbios/iOS/CMakeFiles/CMakeScratch/TryCompile-P1bxft/Debug]
  ignore line: []
  ignore line: [CreateBuildDirectory /Users/joakimwennergren/Desktop/Symbios/iOS/CMakeFiles/CMakeScratch/TryCompile-P1bxft/build]
  ignore line: [    cd /Users/joakimwennergren/Desktop/Symbios/iOS/CMakeFiles/CMakeScratch/TryCompile-P1bxft/CMAKE_TRY_COMPILE.xcodeproj]
  ignore line: [    builtin-create-build-directory /Users/joakimwennergren/Desktop/Symbios/iOS/CMakeFiles/CMakeScratch/TryCompile-P1bxft/build]
  ignore line: []
  ignore line: [ClangStatCache /Applications/Xcode.app/Contents/Developer/Toolchains/XcodeDefault.xctoolchain/usr/bin/clang-stat-cache /Applications/Xcode.app/Contents/Developer/Platforms/iPhoneOS.platform/Developer/SDKs/iPhoneOS16.4.sdk /var/folders/c3/013phh914vz9ysrxymf72ymc0000gn/C/com.apple.DeveloperTools/14.3.1-14E300c/Xcode/SDKStatCaches.noindex/iphoneos16.4-20E238-.sdkstatcache]
  ignore line: [    cd /Users/joakimwennergren/Desktop/Symbios/iOS/CMakeFiles/CMakeScratch/TryCompile-P1bxft/CMAKE_TRY_COMPILE.xcodeproj]
  ignore line: [    /Applications/Xcode.app/Contents/Developer/Toolchains/XcodeDefault.xctoolchain/usr/bin/clang-stat-cache /Applications/Xcode.app/Contents/Developer/Platforms/iPhoneOS.platform/Developer/SDKs/iPhoneOS16.4.sdk -o /var/folders/c3/013phh914vz9ysrxymf72ymc0000gn/C/com.apple.DeveloperTools/14.3.1-14E300c/Xcode/SDKStatCaches.noindex/iphoneos16.4-20E238-.sdkstatcache]
  ignore line: []
  ignore line: [CreateBuildDirectory /Users/joakimwennergren/Desktop/Symbios/iOS/CMakeFiles/CMakeScratch/TryCompile-P1bxft/build/EagerLinkingTBDs/Debug-iphoneos]
  ignore line: [    cd /Users/joakimwennergren/Desktop/Symbios/iOS/CMakeFiles/CMakeScratch/TryCompile-P1bxft/CMAKE_TRY_COMPILE.xcodeproj]
  ignore line: [    builtin-create-build-directory /Users/joakimwennergren/Desktop/Symbios/iOS/CMakeFiles/CMakeScratch/TryCompile-P1bxft/build/EagerLinkingTBDs/Debug-iphoneos]
  ignore line: []
  ignore line: [WriteAuxiliaryFile /Users/joakimwennergren/Desktop/Symbios/iOS/CMakeFiles/CMakeScratch/TryCompile-P1bxft/build/cmTC_f8782.build/Debug-iphoneos/Objects-normal/arm64/cmTC_f8782.LinkFileList (in target 'cmTC_f8782' from project 'CMAKE_TRY_COMPILE')]
  ignore line: [    cd /Users/joakimwennergren/Desktop/Symbios/iOS/CMakeFiles/CMakeScratch/TryCompile-P1bxft]
  ignore line: [    write-file /Users/joakimwennergren/Desktop/Symbios/iOS/CMakeFiles/CMakeScratch/TryCompile-P1bxft/build/cmTC_f8782.build/Debug-iphoneos/Objects-normal/arm64/cmTC_f8782.LinkFileList]
  ignore line: []
  ignore line: [CompileC /Users/joakimwennergren/Desktop/Symbios/iOS/CMakeFiles/CMakeScratch/TryCompile-P1bxft/build/cmTC_f8782.build/Debug-iphoneos/Objects-normal/arm64/CMakeCXXCompilerABI.o /opt/homebrew/Cellar/cmake/3.25.2/share/cmake/Modules/CMakeCXXCompilerABI.cpp normal arm64 c++ com.apple.compilers.llvm.clang.1_0.compiler (in target 'cmTC_f8782' from project 'CMAKE_TRY_COMPILE')]
  ignore line: [    cd /Users/joakimwennergren/Desktop/Symbios/iOS/CMakeFiles/CMakeScratch/TryCompile-P1bxft]
  ignore line: [    /Applications/Xcode.app/Contents/Developer/Toolchains/XcodeDefault.xctoolchain/usr/bin/clang -x c++ -ivfsstatcache /var/folders/c3/013phh914vz9ysrxymf72ymc0000gn/C/com.apple.DeveloperTools/14.3.1-14E300c/Xcode/SDKStatCaches.noindex/iphoneos16.4-20E238-.sdkstatcache -target arm64-apple-ios11.0 -fmessage-length\=0 -fdiagnostics-show-note-include-stack -fmacro-backtrace-limit\=0 -Wno-trigraphs -fpascal-strings -O0 -Wno-missing-field-initializers -Wno-missing-prototypes -Wno-return-type -Wno-non-virtual-dtor -Wno-overloaded-virtual -Wno-exit-time-destructors -Wno-missing-braces -Wparentheses -Wswitch -Wno-unused-function -Wno-unused-label -Wno-unused-parameter -Wno-unused-variable -Wunused-value -Wno-empty-body -Wno-uninitialized -Wno-unknown-pragmas -Wno-shadow -Wno-four-char-constants -Wno-conversion -Wno-constant-conversion -Wno-int-conversion -Wno-bool-conversion -Wno-enum-conversion -Wno-float-conversion -Wno-non-literal-null-conversion -Wno-objc-literal-conversion -Wshorten-64-to-32 -Wno-newline-eof -Wno-c++11-extensions -Wno-implicit-fallthrough -DCMAKE_INTDIR\=\"Debug-iphoneos\" -isysroot /Applications/Xcode.app/Contents/Developer/Platforms/iPhoneOS.platform/Developer/SDKs/iPhoneOS16.4.sdk -fstrict-aliasing -Wdeprecated-declarations -Winvalid-offsetof -g -Wno-sign-conversion -Wno-infinite-recursion -Wno-move -Wno-comma -Wno-block-capture-autoreleasing -Wno-strict-prototypes -Wno-range-loop-analysis -Wno-semicolon-before-method-body -I/Users/joakimwennergren/Desktop/Symbios/iOS/CMakeFiles/CMakeScratch/TryCompile-P1bxft/Debug/include -I/Users/joakimwennergren/Desktop/Symbios/iOS/CMakeFiles/CMakeScratch/TryCompile-P1bxft/build/cmTC_f8782.build/Debug-iphoneos/DerivedSources-normal/arm64 -I/Users/joakimwennergren/Desktop/Symbios/iOS/CMakeFiles/CMakeScratch/TryCompile-P1bxft/build/cmTC_f8782.build/Debug-iphoneos/DerivedSources/arm64 -I/Users/joakimwennergren/Desktop/Symbios/iOS/CMakeFiles/CMakeScratch/TryCompile-P1bxft/build/cmTC_f8782.build/Debug-iphoneos/DerivedSources -F/Users/joakimwennergren/Desktop/Symbios/iOS/CMakeFiles/CMakeScratch/TryCompile-P1bxft/Debug -v -Wl -v -MMD -MT dependencies -MF /Users/joakimwennergren/Desktop/Symbios/iOS/CMakeFiles/CMakeScratch/TryCompile-P1bxft/build/cmTC_f8782.build/Debug-iphoneos/Objects-normal/arm64/CMakeCXXCompilerABI.d --serialize-diagnostics /Users/joakimwennergren/Desktop/Symbios/iOS/CMakeFiles/CMakeScratch/TryCompile-P1bxft/build/cmTC_f8782.build/Debug-iphoneos/Objects-normal/arm64/CMakeCXXCompilerABI.dia -c /opt/homebrew/Cellar/cmake/3.25.2/share/cmake/Modules/CMakeCXXCompilerABI.cpp -o /Users/joakimwennergren/Desktop/Symbios/iOS/CMakeFiles/CMakeScratch/TryCompile-P1bxft/build/cmTC_f8782.build/Debug-iphoneos/Objects-normal/arm64/CMakeCXXCompilerABI.o]
  ignore line: [Apple clang version 14.0.3 (clang-1403.0.22.14.1)]
  ignore line: [Target: arm64-apple-ios11.0]
  ignore line: [Thread model: posix]
  ignore line: [InstalledDir: /Applications/Xcode.app/Contents/Developer/Toolchains/XcodeDefault.xctoolchain/usr/bin]
  ignore line: [clang: warning: -Wl -v: 'linker' input unused [-Wunused-command-line-argument]]
  ignore line: [ "/Applications/Xcode.app/Contents/Developer/Toolchains/XcodeDefault.xctoolchain/usr/bin/clang" -cc1 -triple arm64-apple-ios11.0.0 -Wundef-prefix=TARGET_OS_ -Wdeprecated-objc-isa-usage -Werror=deprecated-objc-isa-usage -Werror=implicit-function-declaration -emit-obj -mrelax-all --mrelax-relocations -disable-free -clear-ast-before-backend -disable-llvm-verifier -discard-value-names -main-file-name CMakeCXXCompilerABI.cpp -mrelocation-model pic -pic-level 2 -mframe-pointer=non-leaf -fno-strict-return -ffp-contract=on -fno-rounding-math -funwind-tables=1 -fobjc-msgsend-selector-stubs -target-sdk-version=16.4 -fvisibility-inlines-hidden-static-local-var -target-cpu apple-a7 -target-feature +v8a -target-feature +crypto -target-feature +fp-armv8 -target-feature +neon -target-feature +zcm -target-feature +zcz -target-feature +sha2 -target-feature +aes -target-abi darwinpcs -fallow-half-arguments-and-returns -mllvm -treat-scalable-fixed-error-as-warning -debug-info-kind=standalone -dwarf-version=4 -debugger-tuning=lldb -target-linker-version 857.1 -v -fcoverage-compilation-dir=/Users/joakimwennergren/Desktop/Symbios/iOS/CMakeFiles/CMakeScratch/TryCompile-P1bxft -resource-dir /Applications/Xcode.app/Contents/Developer/Toolchains/XcodeDefault.xctoolchain/usr/lib/clang/14.0.3 -dependency-file /Users/joakimwennergren/Desktop/Symbios/iOS/CMakeFiles/CMakeScratch/TryCompile-P1bxft/build/cmTC_f8782.build/Debug-iphoneos/Objects-normal/arm64/CMakeCXXCompilerABI.d -skip-unused-modulemap-deps -MT dependencies -ivfsstatcache /var/folders/c3/013phh914vz9ysrxymf72ymc0000gn/C/com.apple.DeveloperTools/14.3.1-14E300c/Xcode/SDKStatCaches.noindex/iphoneos16.4-20E238-.sdkstatcache -isysroot /Applications/Xcode.app/Contents/Developer/Platforms/iPhoneOS.platform/Developer/SDKs/iPhoneOS16.4.sdk -D "CMAKE_INTDIR=\"Debug-iphoneos\"" -I /Users/joakimwennergren/Desktop/Symbios/iOS/CMakeFiles/CMakeScratch/TryCompile-P1bxft/Debug/include -I /Users/joakimwennergren/Desktop/Symbios/iOS/CMakeFiles/CMakeScratch/TryCompile-P1bxft/build/cmTC_f8782.build/Debug-iphoneos/DerivedSources-normal/arm64 -I /Users/joakimwennergren/Desktop/Symbios/iOS/CMakeFiles/CMakeScratch/TryCompile-P1bxft/build/cmTC_f8782.build/Debug-iphoneos/DerivedSources/arm64 -I /Users/joakimwennergren/Desktop/Symbios/iOS/CMakeFiles/CMakeScratch/TryCompile-P1bxft/build/cmTC_f8782.build/Debug-iphoneos/DerivedSources -F/Users/joakimwennergren/Desktop/Symbios/iOS/CMakeFiles/CMakeScratch/TryCompile-P1bxft/Debug -stdlib=libc++ -internal-isystem /Applications/Xcode.app/Contents/Developer/Platforms/iPhoneOS.platform/Developer/SDKs/iPhoneOS16.4.sdk/usr/include/c++/v1 -internal-isystem /Applications/Xcode.app/Contents/Developer/Platforms/iPhoneOS.platform/Developer/SDKs/iPhoneOS16.4.sdk/usr/local/include -internal-isystem /Applications/Xcode.app/Contents/Developer/Toolchains/XcodeDefault.xctoolchain/usr/lib/clang/14.0.3/include -internal-externc-isystem /Applications/Xcode.app/Contents/Developer/Platforms/iPhoneOS.platform/Developer/SDKs/iPhoneOS16.4.sdk/usr/include -internal-externc-isystem /Applications/Xcode.app/Contents/Developer/Toolchains/XcodeDefault.xctoolchain/usr/include -O0 -Wno-trigraphs -Wno-missing-field-initializers -Wno-missing-prototypes -Wno-return-type -Wno-non-virtual-dtor -Wno-overloaded-virtual -Wno-exit-time-destructors -Wno-missing-braces -Wparentheses -Wswitch -Wno-unused-function -Wno-unused-label -Wno-unused-parameter -Wno-unused-variable -Wunused-value -Wno-empty-body -Wno-uninitialized -Wno-unknown-pragmas -Wno-shadow -Wno-four-char-constants -Wno-conversion -Wno-constant-conversion -Wno-int-conversion -Wno-bool-conversion -Wno-enum-conversion -Wno-float-conversion -Wno-non-literal-null-conversion -Wno-objc-literal-conversion -Wshorten-64-to-32 -Wno-newline-eof -Wno-c++11-extensions -Wno-implicit-fallthrough -Wdeprecated-declarations -Winvalid-offsetof -Wno-sign-conversion -Wno-infinite-recursion -Wno-move -Wno-comma -Wno-block-capture-autoreleasing -Wno-strict-prototypes -Wno-range-loop-analysis -Wno-semicolon-before-method-body -Wno-reorder-init-list -Wno-implicit-int-float-conversion -Wno-c99-designator -Wno-final-dtor-non-final-class -Wno-extra-semi-stmt -Wno-misleading-indentation -Wno-quoted-include-in-framework-header -Wno-implicit-fallthrough -Wno-enum-enum-conversion -Wno-enum-float-conversion -Wno-elaborated-enum-base -Wno-reserved-identifier -Wno-gnu-folding-constant -fdeprecated-macro -fdebug-compilation-dir=/Users/joakimwennergren/Desktop/Symbios/iOS/CMakeFiles/CMakeScratch/TryCompile-P1bxft -ferror-limit 19 -fmacro-backtrace-limit 0 -stack-protector 1 -mdarwin-stkchk-strong-link -fblocks -fencode-extended-block-signature -fregister-global-dtors-with-atexit -fgnuc-version=4.2.1 -fno-cxx-modules -no-opaque-pointers -fcxx-exceptions -fexceptions -fpascal-strings -fmax-type-align=16 -fcommon -fdiagnostics-show-note-include-stack -serialize-diagnostic-file /Users/joakimwennergren/Desktop/Symbios/iOS/CMakeFiles/CMakeScratch/TryCompile-P1bxft/build/cmTC_f8782.build/Debug-iphoneos/Objects-normal/arm64/CMakeCXXCompilerABI.dia -clang-vendor-feature=+disableNonDependentMemberExprInCurrentInstantiation -fno-odr-hash-protocols -clang-vendor-feature=+enableAggressiveVLAFolding -clang-vendor-feature=+revert09abecef7bbf -clang-vendor-feature=+thisNoAlignAttr -clang-vendor-feature=+thisNoNullAttr -mllvm -disable-aligned-alloc-awareness=1 -D__GCC_HAVE_DWARF2_CFI_ASM=1 -o /Users/joakimwennergren/Desktop/Symbios/iOS/CMakeFiles/CMakeScratch/TryCompile-P1bxft/build/cmTC_f8782.build/Debug-iphoneos/Objects-normal/arm64/CMakeCXXCompilerABI.o -x c++ /opt/homebrew/Cellar/cmake/3.25.2/share/cmake/Modules/CMakeCXXCompilerABI.cpp]
  ignore line: [clang -cc1 version 14.0.3 (clang-1403.0.22.14.1) default target arm64-apple-darwin22.6.0]
  ignore line: [ignoring nonexistent directory "/Users/joakimwennergren/Desktop/Symbios/iOS/CMakeFiles/CMakeScratch/TryCompile-P1bxft/Debug/include"]
  ignore line: [ignoring nonexistent directory "/Users/joakimwennergren/Desktop/Symbios/iOS/CMakeFiles/CMakeScratch/TryCompile-P1bxft/build/cmTC_f8782.build/Debug-iphoneos/DerivedSources-normal/arm64"]
  ignore line: [ignoring nonexistent directory "/Users/joakimwennergren/Desktop/Symbios/iOS/CMakeFiles/CMakeScratch/TryCompile-P1bxft/build/cmTC_f8782.build/Debug-iphoneos/DerivedSources/arm64"]
  ignore line: [ignoring nonexistent directory "/Users/joakimwennergren/Desktop/Symbios/iOS/CMakeFiles/CMakeScratch/TryCompile-P1bxft/build/cmTC_f8782.build/Debug-iphoneos/DerivedSources"]
  ignore line: [ignoring nonexistent directory "/Applications/Xcode.app/Contents/Developer/Platforms/iPhoneOS.platform/Developer/SDKs/iPhoneOS16.4.sdk/usr/local/include"]
  ignore line: [ignoring nonexistent directory "/Applications/Xcode.app/Contents/Developer/Platforms/iPhoneOS.platform/Developer/SDKs/iPhoneOS16.4.sdk/Library/Frameworks"]
  ignore line: [#include "..." search starts here:]
  ignore line: [#include <...> search starts here:]
  ignore line: [ /Users/joakimwennergren/Desktop/Symbios/iOS/CMakeFiles/CMakeScratch/TryCompile-P1bxft/Debug (framework directory)]
  ignore line: [ /Applications/Xcode.app/Contents/Developer/Platforms/iPhoneOS.platform/Developer/SDKs/iPhoneOS16.4.sdk/usr/include/c++/v1]
  ignore line: [ /Applications/Xcode.app/Contents/Developer/Toolchains/XcodeDefault.xctoolchain/usr/lib/clang/14.0.3/include]
  ignore line: [ /Applications/Xcode.app/Contents/Developer/Platforms/iPhoneOS.platform/Developer/SDKs/iPhoneOS16.4.sdk/usr/include]
  ignore line: [ /Applications/Xcode.app/Contents/Developer/Toolchains/XcodeDefault.xctoolchain/usr/include]
  ignore line: [ /Applications/Xcode.app/Contents/Developer/Platforms/iPhoneOS.platform/Developer/SDKs/iPhoneOS16.4.sdk/System/Library/Frameworks (framework directory)]
  ignore line: [End of search list.]
  ignore line: []
  ignore line: [Libtool /Users/joakimwennergren/Desktop/Symbios/iOS/CMakeFiles/CMakeScratch/TryCompile-P1bxft/Debug/libcmTC_f8782.a normal (in target 'cmTC_f8782' from project 'CMAKE_TRY_COMPILE')]
  ignore line: [    cd /Users/joakimwennergren/Desktop/Symbios/iOS/CMakeFiles/CMakeScratch/TryCompile-P1bxft]
  ignore line: [    /Applications/Xcode.app/Contents/Developer/Toolchains/XcodeDefault.xctoolchain/usr/bin/libtool -static -arch_only arm64 -D -syslibroot /Applications/Xcode.app/Contents/Developer/Platforms/iPhoneOS.platform/Developer/SDKs/iPhoneOS16.4.sdk -L/Users/joakimwennergren/Desktop/Symbios/iOS/CMakeFiles/CMakeScratch/TryCompile-P1bxft/Debug -filelist /Users/joakimwennergren/Desktop/Symbios/iOS/CMakeFiles/CMakeScratch/TryCompile-P1bxft/build/cmTC_f8782.build/Debug-iphoneos/Objects-normal/arm64/cmTC_f8782.LinkFileList -dependency_info /Users/joakimwennergren/Desktop/Symbios/iOS/CMakeFiles/CMakeScratch/TryCompile-P1bxft/build/cmTC_f8782.build/Debug-iphoneos/Objects-normal/arm64/cmTC_f8782_libtool_dependency_info.dat -o /Users/joakimwennergren/Desktop/Symbios/iOS/CMakeFiles/CMakeScratch/TryCompile-P1bxft/Debug/libcmTC_f8782.a]
  ignore line: []
  ignore line: [** BUILD SUCCEEDED **]
  ignore line: []
  ignore line: []
  ignore line: []
  implicit libs: []
  implicit objs: []
  implicit dirs: []
  implicit fwks: []


